Flow report for RealGame
Wed Dec 05 15:22:33 2018
Quartus Prime Version 18.1.0 Build 625 09/12/2018 SJ Lite Edition


---------------------
; Table of Contents ;
---------------------
  1. Legal Notice
  2. Flow Summary
  3. Flow Settings
  4. Flow Non-Default Global Settings
  5. Flow Elapsed Time
  6. Flow OS Summary
  7. Flow Log
  8. Flow Messages
  9. Flow Suppressed Messages



----------------
; Legal Notice ;
----------------
Copyright (C) 2018  Intel Corporation. All rights reserved.
Your use of Intel Corporation's design tools, logic functions 
and other software and tools, and its AMPP partner logic 
functions, and any output files from any of the foregoing 
(including device programming or simulation files), and any 
associated documentation or information are expressly subject 
to the terms and conditions of the Intel Program License 
Subscription Agreement, the Intel Quartus Prime License Agreement,
the Intel FPGA IP License Agreement, or other applicable license
agreement, including, without limitation, that your use is for
the sole purpose of programming logic devices manufactured by
Intel and sold by Intel or its authorized distributors.  Please
refer to the applicable agreement for further details.



+----------------------------------------------------------------------------------+
; Flow Summary                                                                     ;
+------------------------------------+---------------------------------------------+
; Flow Status                        ; Successful - Wed Dec 05 15:22:22 2018       ;
; Quartus Prime Version              ; 18.1.0 Build 625 09/12/2018 SJ Lite Edition ;
; Revision Name                      ; RealGame                                    ;
; Top-level Entity Name              ; RealGame                                    ;
; Family                             ; Cyclone IV E                                ;
; Device                             ; EP4CE115F29C7                               ;
; Timing Models                      ; Final                                       ;
; Total logic elements               ; 1,130 / 114,480 ( < 1 % )                   ;
;     Total combinational functions  ; 1,085 / 114,480 ( < 1 % )                   ;
;     Dedicated logic registers      ; 331 / 114,480 ( < 1 % )                     ;
; Total registers                    ; 331                                         ;
; Total pins                         ; 80 / 529 ( 15 % )                           ;
; Total virtual pins                 ; 0                                           ;
; Total memory bits                  ; 737,280 / 3,981,312 ( 19 % )                ;
; Embedded Multiplier 9-bit elements ; 0 / 532 ( 0 % )                             ;
; Total PLLs                         ; 0 / 4 ( 0 % )                               ;
+------------------------------------+---------------------------------------------+


+-----------------------------------------+
; Flow Settings                           ;
+-------------------+---------------------+
; Option            ; Setting             ;
+-------------------+---------------------+
; Start date & time ; 12/05/2018 15:20:19 ;
; Main task         ; Compilation         ;
; Revision Name     ; RealGame            ;
+-------------------+---------------------+


+-------------------------------------------------------------------------------------------------------------------------+
; Flow Non-Default Global Settings                                                                                        ;
+-------------------------------------+----------------------------------------+---------------+-------------+------------+
; Assignment Name                     ; Value                                  ; Default Value ; Entity Name ; Section Id ;
+-------------------------------------+----------------------------------------+---------------+-------------+------------+
; COMPILER_SIGNATURE_ID               ; 1097646868626.154404121804004          ; --            ; --          ; --         ;
; MAX_CORE_JUNCTION_TEMP              ; 85                                     ; --            ; --          ; --         ;
; MIN_CORE_JUNCTION_TEMP              ; 0                                      ; --            ; --          ; --         ;
; MISC_FILE                           ; ramPIPEDOWN1_bb.v                      ; --            ; --          ; --         ;
; MISC_FILE                           ; ramPIPEDOWN2_bb.v                      ; --            ; --          ; --         ;
; MISC_FILE                           ; ramPIPEDOWN3_bb.v                      ; --            ; --          ; --         ;
; MISC_FILE                           ; rampoint_bb.v                          ; --            ; --          ; --         ;
; MISC_FILE                           ; ramPIPEUP1_bb.v                        ; --            ; --          ; --         ;
; MISC_FILE                           ; ramPIPEUP2_bb.v                        ; --            ; --          ; --         ;
; MISC_FILE                           ; ramPIPEUP3_bb.v                        ; --            ; --          ; --         ;
; MISC_FILE                           ; ramBACK1_bb.v                          ; --            ; --          ; --         ;
; MISC_FILE                           ; ramBACK2_bb.v                          ; --            ; --          ; --         ;
; MISC_FILE                           ; ramcloud1_bb.v                         ; --            ; --          ; --         ;
; MISC_FILE                           ; ramcloud2_bb.v                         ; --            ; --          ; --         ;
; MISC_FILE                           ; ramcloud3_bb.v                         ; --            ; --          ; --         ;
; NOMINAL_CORE_SUPPLY_VOLTAGE         ; 1.2V                                   ; --            ; --          ; --         ;
; PARTITION_COLOR                     ; -- (Not supported for targeted family) ; --            ; --          ; Top        ;
; PARTITION_FITTER_PRESERVATION_LEVEL ; -- (Not supported for targeted family) ; --            ; --          ; Top        ;
; PARTITION_NETLIST_TYPE              ; -- (Not supported for targeted family) ; --            ; --          ; Top        ;
; POWER_BOARD_THERMAL_MODEL           ; None (CONSERVATIVE)                    ; --            ; --          ; --         ;
; POWER_PRESET_COOLING_SOLUTION       ; 23 MM HEAT SINK WITH 200 LFPM AIRFLOW  ; --            ; --          ; --         ;
; PROJECT_OUTPUT_DIRECTORY            ; output_files                           ; --            ; --          ; --         ;
+-------------------------------------+----------------------------------------+---------------+-------------+------------+


+--------------------------------------------------------------------------------------------------------------------------+
; Flow Elapsed Time                                                                                                        ;
+----------------------+--------------+-------------------------+---------------------+------------------------------------+
; Module Name          ; Elapsed Time ; Average Processors Used ; Peak Virtual Memory ; Total CPU Time (on all processors) ;
+----------------------+--------------+-------------------------+---------------------+------------------------------------+
; Analysis & Synthesis ; 00:00:46     ; 1.0                     ; 738 MB              ; 00:01:16                           ;
; Fitter               ; 00:00:59     ; 1.0                     ; 1662 MB             ; 00:01:29                           ;
; Assembler            ; 00:00:10     ; 1.0                     ; 583 MB              ; 00:00:10                           ;
; Timing Analyzer      ; 00:00:09     ; 1.2                     ; 754 MB              ; 00:00:08                           ;
; Total                ; 00:02:04     ; --                      ; --                  ; 00:03:03                           ;
+----------------------+--------------+-------------------------+---------------------+------------------------------------+


+------------------------------------------------------------------------------------+
; Flow OS Summary                                                                    ;
+----------------------+------------------+------------+------------+----------------+
; Module Name          ; Machine Hostname ; OS Name    ; OS Version ; Processor type ;
+----------------------+------------------+------------+------------+----------------+
; Analysis & Synthesis ; LAPTOP-V4F88BK3  ; Windows 10 ; 10.0       ; x86_64         ;
; Fitter               ; LAPTOP-V4F88BK3  ; Windows 10 ; 10.0       ; x86_64         ;
; Assembler            ; LAPTOP-V4F88BK3  ; Windows 10 ; 10.0       ; x86_64         ;
; Timing Analyzer      ; LAPTOP-V4F88BK3  ; Windows 10 ; 10.0       ; x86_64         ;
+----------------------+------------------+------------+------------+----------------+


------------
; Flow Log ;
------------
quartus_map --read_settings_files=on --write_settings_files=off RealGame -c RealGame
quartus_fit --read_settings_files=off --write_settings_files=off RealGame -c RealGame
quartus_asm --read_settings_files=off --write_settings_files=off RealGame -c RealGame
quartus_sta RealGame -c RealGame



