Flow report for main
Thu Nov 29 16:22:12 2018
Quartus Prime Version 16.1.0 Build 196 10/24/2016 SJ Lite Edition


---------------------
; Table of Contents ;
---------------------
  1. Legal Notice
  2. Flow Summary
  3. Flow Settings
  4. Flow Non-Default Global Settings
  5. Flow Elapsed Time
  6. Flow OS Summary
  7. Flow Log
  8. Flow Messages
  9. Flow Suppressed Messages



----------------
; Legal Notice ;
----------------
Copyright (C) 2016  Intel Corporation. All rights reserved.
Your use of Intel Corporation's design tools, logic functions 
and other software and tools, and its AMPP partner logic 
functions, and any output files from any of the foregoing 
(including device programming or simulation files), and any 
associated documentation or information are expressly subject 
to the terms and conditions of the Intel Program License 
Subscription Agreement, the Intel Quartus Prime License Agreement,
the Intel MegaCore Function License Agreement, or other 
applicable license agreement, including, without limitation, 
that your use is for the sole purpose of programming logic 
devices manufactured by Intel and sold by Intel or its 
authorized distributors.  Please refer to the applicable 
agreement for further details.



+----------------------------------------------------------------------------------+
; Flow Summary                                                                     ;
+------------------------------------+---------------------------------------------+
; Flow Status                        ; Successful - Thu Nov 29 16:22:09 2018       ;
; Quartus Prime Version              ; 16.1.0 Build 196 10/24/2016 SJ Lite Edition ;
; Revision Name                      ; main                                        ;
; Top-level Entity Name              ; main                                        ;
; Family                             ; Cyclone IV E                                ;
; Device                             ; EP4CE115F29C7                               ;
; Timing Models                      ; Final                                       ;
; Total logic elements               ; 1,086 / 114,480 ( < 1 % )                   ;
;     Total combinational functions  ; 1,083 / 114,480 ( < 1 % )                   ;
;     Dedicated logic registers      ; 108 / 114,480 ( < 1 % )                     ;
; Total registers                    ; 108                                         ;
; Total pins                         ; 79 / 529 ( 15 % )                           ;
; Total virtual pins                 ; 0                                           ;
; Total memory bits                  ; 0 / 3,981,312 ( 0 % )                       ;
; Embedded Multiplier 9-bit elements ; 0 / 532 ( 0 % )                             ;
; Total PLLs                         ; 0 / 4 ( 0 % )                               ;
+------------------------------------+---------------------------------------------+


+-----------------------------------------+
; Flow Settings                           ;
+-------------------+---------------------+
; Option            ; Setting             ;
+-------------------+---------------------+
; Start date & time ; 11/29/2018 16:21:38 ;
; Main task         ; Compilation         ;
; Revision Name     ; main                ;
+-------------------+---------------------+


+-------------------------------------------------------------------------------------------------------------------------------------------------------+
; Flow Non-Default Global Settings                                                                                                                      ;
+-------------------------------------+----------------------------------------------------------------------+---------------+-------------+------------+
; Assignment Name                     ; Value                                                                ; Default Value ; Entity Name ; Section Id ;
+-------------------------------------+----------------------------------------------------------------------+---------------+-------------+------------+
; COMPILER_SIGNATURE_ID               ; 238177198224018.154352649811536                                      ; --            ; --          ; --         ;
; MAX_CORE_JUNCTION_TEMP              ; 85                                                                   ; --            ; --          ; --         ;
; MIN_CORE_JUNCTION_TEMP              ; 0                                                                    ; --            ; --          ; --         ;
; MISC_FILE                           ; ramtimesTable_bb.v                                                   ; --            ; --          ; --         ;
; MISC_FILE                           ; rameinstein_bb.v                                                     ; --            ; --          ; --         ;
; MISC_FILE                           ; rampeter_bb.v                                                        ; --            ; --          ; --         ;
; MISC_FILE                           ; ramBasic_transparency_bb.v                                           ; --            ; --          ; --         ;
; MISC_FILE                           ; rambouncer_bb.v                                                      ; --            ; --          ; --         ;
; MISC_FILE                           ; test.cmp                                                             ; --            ; --          ; --         ;
; MISC_FILE                           ; test_sim/test.v                                                      ; --            ; --          ; --         ;
; MISC_FILE                           ; test_sim/clocked_audio_output/mentor/cao_fifo.v                      ; --            ; --          ; --         ;
; MISC_FILE                           ; test_sim/clocked_audio_output/mentor/cao_merge.v                     ; --            ; --          ; --         ;
; MISC_FILE                           ; test_sim/clocked_audio_output/mentor/cao_avalon.v                    ; --            ; --          ; --         ;
; MISC_FILE                           ; test_sim/clocked_audio_output/mentor/cao_registers.v                 ; --            ; --          ; --         ;
; MISC_FILE                           ; test_sim/clocked_audio_output/mentor/altera_cao_reset_synchronizer.v ; --            ; --          ; --         ;
; MISC_FILE                           ; test_sim/clocked_audio_output/mentor/clocked_audio_output.v          ; --            ; --          ; --         ;
; MISC_FILE                           ; test_sim/clocked_audio_output/aldec/cao_fifo.v                       ; --            ; --          ; --         ;
; MISC_FILE                           ; test_sim/clocked_audio_output/aldec/cao_merge.v                      ; --            ; --          ; --         ;
; MISC_FILE                           ; test_sim/clocked_audio_output/aldec/cao_avalon.v                     ; --            ; --          ; --         ;
; MISC_FILE                           ; test_sim/clocked_audio_output/aldec/cao_registers.v                  ; --            ; --          ; --         ;
; MISC_FILE                           ; test_sim/clocked_audio_output/aldec/altera_cao_reset_synchronizer.v  ; --            ; --          ; --         ;
; MISC_FILE                           ; test_sim/clocked_audio_output/aldec/clocked_audio_output.v           ; --            ; --          ; --         ;
; NOMINAL_CORE_SUPPLY_VOLTAGE         ; 1.2V                                                                 ; --            ; --          ; --         ;
; PARTITION_COLOR                     ; -- (Not supported for targeted family)                               ; --            ; --          ; Top        ;
; PARTITION_FITTER_PRESERVATION_LEVEL ; -- (Not supported for targeted family)                               ; --            ; --          ; Top        ;
; PARTITION_NETLIST_TYPE              ; -- (Not supported for targeted family)                               ; --            ; --          ; Top        ;
; POWER_BOARD_THERMAL_MODEL           ; None (CONSERVATIVE)                                                  ; --            ; --          ; --         ;
; POWER_PRESET_COOLING_SOLUTION       ; 23 MM HEAT SINK WITH 200 LFPM AIRFLOW                                ; --            ; --          ; --         ;
; PROJECT_OUTPUT_DIRECTORY            ; output_files                                                         ; --            ; --          ; --         ;
; SPD_FILE                            ; test.spd                                                             ; --            ; --          ; --         ;
; SYNTHESIS_ONLY_QIP                  ; On                                                                   ; --            ; --          ; --         ;
+-------------------------------------+----------------------------------------------------------------------+---------------+-------------+------------+


+-------------------------------------------------------------------------------------------------------------------------------+
; Flow Elapsed Time                                                                                                             ;
+---------------------------+--------------+-------------------------+---------------------+------------------------------------+
; Module Name               ; Elapsed Time ; Average Processors Used ; Peak Virtual Memory ; Total CPU Time (on all processors) ;
+---------------------------+--------------+-------------------------+---------------------+------------------------------------+
; Analysis & Synthesis      ; 00:00:11     ; 1.0                     ; 4819 MB             ; 00:00:23                           ;
; Fitter                    ; 00:00:15     ; 1.0                     ; 5764 MB             ; 00:00:25                           ;
; Assembler                 ; 00:00:03     ; 1.0                     ; 4703 MB             ; 00:00:03                           ;
; TimeQuest Timing Analyzer ; 00:00:02     ; 1.4                     ; 4889 MB             ; 00:00:03                           ;
; Total                     ; 00:00:31     ; --                      ; --                  ; 00:00:54                           ;
+---------------------------+--------------+-------------------------+---------------------+------------------------------------+


+-----------------------------------------------------------------------------------------+
; Flow OS Summary                                                                         ;
+---------------------------+------------------+------------+------------+----------------+
; Module Name               ; Machine Hostname ; OS Name    ; OS Version ; Processor type ;
+---------------------------+------------------+------------+------------+----------------+
; Analysis & Synthesis      ; CEC-EGB267-06    ; Windows 10 ; 10.0       ; x86_64         ;
; Fitter                    ; CEC-EGB267-06    ; Windows 10 ; 10.0       ; x86_64         ;
; Assembler                 ; CEC-EGB267-06    ; Windows 10 ; 10.0       ; x86_64         ;
; TimeQuest Timing Analyzer ; CEC-EGB267-06    ; Windows 10 ; 10.0       ; x86_64         ;
+---------------------------+------------------+------------+------------+----------------+


------------
; Flow Log ;
------------
quartus_map --read_settings_files=on --write_settings_files=off FinalProjectAlejandroWill -c main
quartus_fit --read_settings_files=off --write_settings_files=off FinalProjectAlejandroWill -c main
quartus_asm --read_settings_files=off --write_settings_files=off FinalProjectAlejandroWill -c main
quartus_sta FinalProjectAlejandroWill -c main



